<?xml version="1.0" encoding="UTF-8"?>
<testsuite xmlns:xsi="http://www.w3.org/2001/XMLSchema-instance" xsi:noNamespaceSchemaLocation="https://maven.apache.org/surefire/maven-surefire-plugin/xsd/surefire-test-report.xsd" name="upstartTest.addEntitySolution" time="3.6" tests="1" errors="1" skipped="0" failures="0">
  <properties>
[...]
</properties>
  <testcase name="startTest" classname="upstartTest.addEntitySolution" time="3.6">
    <error type="java.lang.NullPointerException">java.lang.NullPointerException
	at upstartTest.addEntitySolution.startTest(addEntitySolution.java:12)
</error>
    <system-err><![CDATA[Jan 17, 2018 9:02:39 PM org.openqa.selenium.remote.ProtocolHandshake createSession
INFO: Detected dialect: OSS
]]></system-err>
  </testcase>
</testsuite>